Exporter version: 2.93.4, Blender version: 2.93.5
========= Conversion from Blender to Babylon.js =========
	Scene settings used :
		Inline textures     :  false
		Material Type       :  PBR
		Positions Precision :  4
		Normals Precision   :  3
		UVs Precision       :  3
		Vert Color Precision:  3
		Mat Weight Precision:  2
		Keep Z-up r-handed  :  no
		Texture directory   :  C:\Users\Ken\Documents\My Web Sites\Hidden\
	Python World class constructor completed
	processing begun of mesh:  Cube
		processing begun of material:  GateMat
		processing begun of material:  ChooseEntryMat
			processing texture CaveComplexShadowBake
				texture type:  diffuseTexture, mapped using: "UVMap"
			processing texture ChooseEntry
				texture type:  diffuseTexture, mapped using: "UVMap"
		processing begun of multimaterial:  CaveComplexPortalsGate.Multimaterial#0
		num positions      :  914
		num normals        :  914
		num tangents       :  0
		num uvs            :  1828
		num uvs2           :  0
		num colors         :  0
		num triangles      :  824
	processing begun of camera (UniversalCamera):  Camera
	processing begun of light (POINT):  Light
========= Writing of JSON file started =========
	writing mesh:  Cube
========= Writing of JSON file completed =========
========= end of processing =========
elapsed time:  0 min, 0.5537 secs
