Exporter version: 2.93.4, Blender version: 2.93.5
========= Conversion from Blender to Babylon.js =========
	Scene settings used :
		Inline textures     :  false
		Material Type       :  PBR
		Positions Precision :  4
		Normals Precision   :  3
		UVs Precision       :  3
		Vert Color Precision:  3
		Mat Weight Precision:  2
		Keep Z-up r-handed  :  no
		Texture directory   :  C:\Users\Ken\Documents\My Web Sites\Hidden\
	Python World class constructor completed
	WARNING: No active camera has been assigned, or is not in a currently enabled collection
	processing begun of mesh:  ChestHinge
		animation processing begun
			processing action ChestHingeAction.001:  in[1 - 100], out[0 - 100]
		WARNING: No materials have been assigned: 
		num positions      :  29
		num normals        :  29
		num tangents       :  0
		num uvs            :  58
		num uvs2           :  0
		num colors         :  0
		num triangles      :  12
	processing begun of mesh:  ChestLid
		processing begun of material:  ChestMat
			processing texture VendorsHallsBakeShadow2
				texture type:  diffuseTexture, mapped using: "UVMap"
		num positions      :  2069
		num normals        :  2069
		num tangents       :  0
		num uvs            :  4138
		num uvs2           :  0
		num colors         :  0
		num triangles      :  882
		WARNING: # of 0 area faces found:  118
========= Writing of JSON file started =========
	writing mesh:  ChestHinge
	writing mesh:  ChestLid
========= Writing of JSON file completed =========
========= end of processing =========
elapsed time:  0 min, 0.3278 secs
